2022-08-09 16:34:47 [@IMMOL964]
Interne #1 : Démarrage contract
2022-08-09 16:34:53 [@IMMOL964]
Interne #1 : Démarrage infocom
2022-08-09 16:34:59 [@IMMOL964]
Interne #1 : Démarrage mailgate
2022-08-09 16:40:46 [@IMMOL964]
Interne #1 : Démarrage session
2022-08-09 16:42:30 [2@IMMOL964]
Interne #1 : Démarrage graph
2022-08-09 16:48:27 [2@IMMOL964]
Interne #1 : Démarrage reservation
2022-08-09 16:48:39 [7@IMMOL964]
Interne #1 : Démarrage closeticket
2022-08-09 16:53:40 [2@IMMOL964]
Interne #1 : Démarrage alertnotclosed
2022-08-09 16:55:29 [7@IMMOL964]
Interne #1 : Démarrage slaticket
2022-08-10 09:32:38 [2@IMMOL964]
Interne #1 : Démarrage createinquest
2022-08-10 09:40:02 [2@IMMOL964]
Interne #1 : Démarrage watcher
2022-08-10 09:40:10 [7@IMMOL964]
Interne #1 : Démarrage RecurrentItems
2022-08-10 09:47:51 [2@IMMOL964]
Interne #1 : Démarrage planningrecall
2022-08-10 09:53:07 [2@IMMOL964]
Interne #1 : Démarrage queuednotification
2022-08-10 09:53:13 [7@IMMOL964]
Interne #1 : Démarrage queuednotificationclean
2022-08-10 09:58:50 [2@IMMOL964]
Interne #1 : Démarrage temp
2022-08-10 10:23:07 [7@IMMOL964]
Interne #1 : Démarrage mailgateerror
2022-08-10 11:21:07 [2@IMMOL964]
Interne #1 : Démarrage certificate
2022-08-10 11:28:34 [2@IMMOL964]
Interne #1 : Démarrage olaticket
2022-08-10 11:29:09 [7@IMMOL964]
Interne #1 : Démarrage mailgate
2022-08-10 11:33:40 [2@IMMOL964]
Interne #1 : Démarrage slaticket
2022-08-10 11:41:56 [2@IMMOL964]
Interne #1 : Démarrage graph
2022-08-10 11:46:51 [7@IMMOL964]
Interne #1 : Démarrage reservation
2022-08-10 11:47:37 [2@IMMOL964]
Interne #1 : Démarrage closeticket
2022-08-10 11:53:42 [2@IMMOL964]
Interne #1 : Démarrage alertnotclosed
2022-08-10 11:57:05 [7@IMMOL964]
Interne #1 : Démarrage planningrecall
2022-08-10 12:02:04 [2@IMMOL964]
Interne #1 : Démarrage queuednotification
2022-08-10 12:08:59 [2@IMMOL964]
Interne #1 : Démarrage RecurrentItems
2022-08-10 12:20:13 [2@IMMOL964]
Interne #1 : Démarrage temp
2022-08-10 12:20:23 [7@IMMOL964]
Interne #1 : Démarrage olaticket
2022-08-10 12:25:47 [7@IMMOL964]
Interne #1 : Démarrage slaticket
2022-08-10 12:26:22 [2@IMMOL964]
Interne #1 : Démarrage mailgate
2022-08-10 12:31:48 [2@IMMOL964]
Interne #1 : Démarrage planningrecall
2022-08-10 12:33:41 [7@IMMOL964]
Interne #1 : Démarrage queuednotification
2022-08-10 12:37:57 [2@IMMOL964]
Interne #1 : Démarrage olaticket
2022-08-10 12:40:09 [7@IMMOL964]
Interne #1 : Démarrage slaticket
2022-08-10 12:43:08 [2@IMMOL964]
Interne #1 : Démarrage queuednotification
2022-08-10 12:51:36 [7@IMMOL964]
Interne #1 : Démarrage mailgate
2022-08-10 12:53:44 [2@IMMOL964]
Interne #1 : Démarrage planningrecall
2022-08-10 13:45:45 [7@IMMOL964]
Interne #1 : Démarrage graph
2022-08-10 13:51:41 [7@IMMOL964]
Interne #1 : Démarrage olaticket
2022-08-10 13:52:15 [2@IMMOL964]
Interne #1 : Démarrage queuednotification
2022-08-10 13:57:18 [2@IMMOL964]
Interne #1 : Démarrage slaticket
2022-08-10 14:01:39 [7@IMMOL964]
Interne #1 : Démarrage reservation
2022-08-10 14:02:50 [2@IMMOL964]
Interne #1 : Démarrage planningrecall
2022-08-10 14:08:57 [2@IMMOL964]
Interne #1 : Démarrage mailgate
2022-08-10 14:14:22 [2@IMMOL964]
Interne #1 : Démarrage RecurrentItems
2022-08-10 14:19:25 [2@IMMOL964]
Interne #1 : Démarrage temp
2022-08-10 14:22:39 [7@IMMOL964]
Interne #1 : Démarrage queuednotification
2022-08-10 14:24:30 [2@IMMOL964]
Interne #1 : Démarrage olaticket
2022-08-10 14:30:12 [2@IMMOL964]
Interne #1 : Démarrage slaticket
2022-08-10 14:35:41 [2@IMMOL964]
Interne #1 : Démarrage planningrecall
2022-08-10 14:39:23 [7@IMMOL964]
Interne #1 : Démarrage mailgate
2022-08-10 14:42:35 [2@IMMOL964]
Interne #1 : Démarrage queuednotification
2022-08-10 15:12:17 [2@IMMOL964]
Interne #1 : Démarrage olaticket
2022-08-10 15:23:09 [2@IMMOL964]
Interne #1 : Démarrage slaticket
2022-08-10 15:37:18 [2@IMMOL964]
Interne #1 : Démarrage planningrecall
2022-08-10 15:42:29 [2@IMMOL964]
Interne #1 : Démarrage queuednotification
2022-08-10 15:47:32 [2@IMMOL964]
Interne #1 : Démarrage graph
2022-08-10 15:52:34 [2@IMMOL964]
Interne #1 : Démarrage mailgate
2022-08-10 15:59:56 [2@IMMOL964]
Interne #1 : Démarrage reservation
2022-08-10 16:05:04 [2@IMMOL964]
Interne #1 : Démarrage RecurrentItems
2022-08-10 16:10:49 [2@IMMOL964]
Interne #1 : Démarrage olaticket
2022-08-10 16:18:16 [2@IMMOL964]
Interne #1 : Démarrage temp
2022-08-10 16:23:17 [2@IMMOL964]
Interne #1 : Démarrage slaticket
2022-08-10 16:25:31 [7@IMMOL964]
Interne #1 : Démarrage planningrecall
2022-08-10 16:29:27 [2@IMMOL964]
Interne #1 : Démarrage queuednotification
2022-08-10 16:30:51 [7@IMMOL964]
Interne #1 : Démarrage mailgate
2022-08-10 16:35:36 [2@IMMOL964]
Interne #1 : Démarrage olaticket
2022-08-10 16:39:15 [7@IMMOL964]
Interne #1 : Démarrage slaticket
2022-08-10 16:41:10 [2@IMMOL964]
Interne #1 : Démarrage planningrecall
2022-08-10 16:44:37 [7@IMMOL964]
Interne #1 : Démarrage queuednotification
2022-08-10 16:48:18 [2@IMMOL964]
Interne #1 : Démarrage contract
2022-08-10 16:55:21 [2@IMMOL964]
Interne #1 : Démarrage infocom
2022-08-10 16:56:57 [7@IMMOL964]
Interne #1 : Démarrage mailgate
2022-08-10 17:05:32 [7@IMMOL964]
Interne #1 : Démarrage session
2022-08-10 17:09:24 [2@IMMOL964]
Interne #1 : Démarrage olaticket
2022-08-10 17:12:27 [7@IMMOL964]
Interne #1 : Démarrage slaticket
2022-08-10 17:14:56 [2@IMMOL964]
Interne #1 : Démarrage queuednotification
2022-08-10 17:20:13 [2@IMMOL964]
Interne #1 : Démarrage planningrecall
2022-08-10 17:22:21 [7@IMMOL964]
Interne #1 : Démarrage graph
2022-08-10 17:26:04 [2@IMMOL964]
Interne #1 : Démarrage reservation
2022-08-11 09:11:57 [2@IMMOL964]
Interne #1 : Démarrage RecurrentItems
2022-08-11 09:17:09 [2@IMMOL964]
Interne #1 : Démarrage mailgate
2022-08-11 09:22:17 [2@IMMOL964]
Interne #1 : Démarrage olaticket
2022-08-11 09:23:15 [7@IMMOL964]
Interne #1 : Démarrage queuednotification
2022-08-11 09:28:11 [2@IMMOL964]
Interne #1 : Démarrage slaticket
2022-08-11 09:43:07 [2@IMMOL964]
Interne #1 : Démarrage temp
2022-08-11 09:48:40 [7@IMMOL964]
Interne #1 : Démarrage planningrecall
2022-08-11 09:49:28 [2@IMMOL964]
Interne #1 : Démarrage graph
2022-08-11 09:54:38 [2@IMMOL964]
Interne #1 : Démarrage reservation
2022-08-11 09:55:00 [7@IMMOL964]
Interne #1 : Démarrage closeticket
2022-08-11 10:02:17 [2@IMMOL964]
Interne #1 : Démarrage alertnotclosed
2022-08-11 10:11:10 [2@IMMOL964]
Interne #1 : Démarrage queuednotification
2022-08-11 10:12:52 [7@IMMOL964]
Interne #1 : Démarrage mailgate
2022-08-11 10:16:17 [2@IMMOL964]
Interne #1 : Démarrage olaticket
2022-08-11 10:18:27 [7@IMMOL964]
Interne #1 : Démarrage createinquest
2022-08-11 10:21:22 [2@IMMOL964]
Interne #1 : Démarrage slaticket
2022-08-11 10:26:43 [2@IMMOL964]
Interne #1 : Démarrage watcher
2022-08-11 10:27:00 [7@IMMOL964]
Interne #1 : Démarrage planningrecall
2022-08-11 10:31:44 [2@IMMOL964]
Interne #1 : Démarrage queuednotificationclean
2022-08-11 10:41:50 [2@IMMOL964]
Interne #1 : Démarrage RecurrentItems
2022-08-11 11:00:51 [2@IMMOL964]
Interne #1 : Démarrage queuednotification
2022-08-11 11:01:52 [7@IMMOL964]
Interne #1 : Démarrage olaticket
2022-08-11 11:06:09 [2@IMMOL964]
Interne #1 : Démarrage mailgate
2022-08-11 11:11:23 [2@IMMOL964]
Interne #1 : Démarrage mailgateerror
2022-08-11 11:16:49 [2@IMMOL964]
Interne #1 : Démarrage slaticket
2022-08-11 11:21:52 [2@IMMOL964]
Interne #1 : Démarrage planningrecall
2022-08-11 13:09:50 [7@IMMOL964]
Interne #1 : Démarrage temp
2022-08-11 13:11:22 [2@IMMOL964]
Interne #1 : Démarrage graph
2022-08-11 13:16:30 [2@IMMOL964]
Interne #1 : Démarrage reservation
2022-08-11 13:21:32 [2@IMMOL964]
Interne #1 : Démarrage queuednotification
2022-08-11 13:22:04 [7@IMMOL964]
Interne #1 : Démarrage olaticket
2022-08-11 13:26:54 [2@IMMOL964]
Interne #1 : Démarrage mailgate
2022-08-11 13:32:47 [2@IMMOL964]
Interne #1 : Démarrage slaticket
2022-08-11 13:33:27 [7@IMMOL964]
Interne #1 : Démarrage certificate
2022-08-11 13:38:14 [2@IMMOL964]
Interne #1 : Démarrage planningrecall
2022-08-11 13:39:14 [7@IMMOL964]
Interne #1 : Démarrage RecurrentItems
2022-08-11 13:43:15 [2@IMMOL964]
Interne #1 : Démarrage queuednotification
2022-08-11 15:05:45 [2@IMMOL964]
Interne #1 : Démarrage olaticket
2022-08-11 15:09:57 [7@IMMOL964]
Interne #1 : Démarrage mailgate
2022-08-11 15:11:18 [2@IMMOL964]
Interne #1 : Démarrage slaticket
2022-08-11 15:18:08 [2@IMMOL964]
Interne #1 : Démarrage planningrecall
2022-08-11 15:20:36 [7@IMMOL964]
Interne #1 : Démarrage queuednotification
2022-08-11 15:24:10 [2@IMMOL964]
Interne #1 : Démarrage temp
2022-08-11 15:32:02 [2@IMMOL964]
Interne #1 : Démarrage graph
2022-08-11 15:35:30 [7@IMMOL964]
Interne #1 : Démarrage reservation
2022-08-11 15:37:22 [2@IMMOL964]
Interne #1 : Démarrage RecurrentItems
2022-08-11 15:41:29 [7@IMMOL964]
Interne #1 : Démarrage olaticket
2022-08-11 15:42:24 [2@IMMOL964]
Interne #1 : Démarrage slaticket
2022-08-11 15:47:06 [7@IMMOL964]
Interne #1 : Démarrage mailgate
2022-08-11 15:47:57 [2@IMMOL964]
Interne #1 : Démarrage queuednotification
2022-08-11 15:52:09 [7@IMMOL964]
Interne #1 : Démarrage planningrecall
2022-08-11 15:53:17 [2@IMMOL964]
Interne #1 : Démarrage olaticket
2022-08-11 15:59:09 [2@IMMOL964]
Interne #1 : Démarrage slaticket
2022-08-11 16:04:10 [2@IMMOL964]
Interne #1 : Démarrage queuednotification
2022-08-11 16:08:12 [7@IMMOL964]
Interne #1 : Démarrage mailgate
2022-08-11 16:09:22 [2@IMMOL964]
Interne #1 : Démarrage planningrecall
2022-08-11 16:14:33 [2@IMMOL964]
Interne #1 : Démarrage olaticket
2022-08-11 16:19:46 [2@IMMOL964]
Interne #1 : Démarrage slaticket
2022-08-11 16:25:48 [2@IMMOL964]
Interne #1 : Démarrage queuednotification
2022-08-11 16:25:52 [7@IMMOL964]
Interne #1 : Démarrage planningrecall
2022-08-11 16:40:45 [2@IMMOL964]
Interne #1 : Démarrage mailgate
2022-08-11 16:46:56 [2@IMMOL964]
Interne #1 : Démarrage olaticket
2022-08-11 16:50:55 [7@IMMOL964]
Interne #1 : Démarrage slaticket
2022-08-11 16:52:03 [2@IMMOL964]
Interne #1 : Démarrage temp
2022-08-11 16:55:59 [7@IMMOL964]
Interne #1 : Démarrage queuednotification
2022-08-11 16:57:47 [2@IMMOL964]
Interne #1 : Démarrage planningrecall
2022-08-11 17:01:55 [7@IMMOL964]
Interne #1 : Démarrage graph
2022-08-11 17:03:35 [2@IMMOL964]
Interne #1 : Démarrage reservation
2022-08-11 17:08:41 [2@IMMOL964]
Interne #1 : Démarrage RecurrentItems
2022-08-11 17:12:12 [7@IMMOL964]
Interne #1 : Démarrage contract
2022-08-11 17:13:52 [2@IMMOL964]
Interne #1 : Démarrage mailgate
2022-08-11 17:30:26 [2@IMMOL964]
Interne #1 : Démarrage olaticket
2022-08-11 17:33:38 [7@IMMOL964]
Interne #1 : Démarrage infocom
2022-08-11 17:36:26 [2@IMMOL964]
Interne #1 : Démarrage slaticket
2022-08-11 17:41:28 [2@IMMOL964]
Interne #1 : Démarrage queuednotification
2022-08-11 17:46:05 [7@IMMOL964]
Interne #1 : Démarrage planningrecall
2022-08-11 17:46:46 [2@IMMOL964]
Interne #1 : Démarrage session
2022-08-11 17:51:55 [2@IMMOL964]
Interne #1 : Démarrage mailgate
2022-08-11 17:52:46 [7@IMMOL964]
Interne #1 : Démarrage olaticket
2022-08-11 17:57:09 [2@IMMOL964]
Interne #1 : Démarrage slaticket
2022-08-11 18:15:55 [2@IMMOL964]
Interne #1 : Démarrage queuednotification
2022-08-11 18:20:58 [2@IMMOL964]
Interne #1 : Démarrage planningrecall
2022-08-11 18:26:22 [2@IMMOL964]
Interne #1 : Démarrage temp
2022-08-11 18:32:33 [2@IMMOL964]
Interne #1 : Démarrage olaticket
2022-08-11 18:33:20 [7@IMMOL964]
Interne #1 : Démarrage mailgate
2022-08-11 18:38:16 [2@IMMOL964]
Interne #1 : Démarrage graph
2022-08-11 21:01:34 [2@IMMOL964]
Interne #1 : Démarrage slaticket
2022-08-11 21:05:48 [7@IMMOL964]
Interne #1 : Démarrage reservation
2022-08-11 21:06:37 [2@IMMOL964]
Interne #1 : Démarrage RecurrentItems
2022-08-11 21:11:24 [7@IMMOL964]
Interne #1 : Démarrage queuednotification
2022-08-11 21:11:49 [2@IMMOL964]
Interne #1 : Démarrage planningrecall
2022-08-11 21:17:37 [2@IMMOL964]
Interne #1 : Démarrage olaticket
2022-08-11 21:19:54 [7@IMMOL964]
Interne #1 : Démarrage mailgate
2022-08-11 21:25:50 [2@IMMOL964]
Interne #1 : Démarrage temp
2022-08-11 21:29:13 [7@IMMOL964]
Interne #1 : Démarrage graph
2022-08-11 21:31:43 [2@IMMOL964]
Interne #1 : Démarrage slaticket
2022-08-11 21:36:45 [7@IMMOL964]
Interne #1 : Démarrage queuednotification
2022-08-11 21:37:18 [2@IMMOL964]
Interne #1 : Démarrage planningrecall
2022-08-11 21:49:10 [2@IMMOL964]
Interne #1 : Démarrage olaticket
2022-08-11 21:52:39 [7@IMMOL964]
Interne #1 : Démarrage mailgate
2022-08-11 21:57:10 [2@IMMOL964]
Interne #1 : Démarrage slaticket
2022-08-11 21:59:43 [7@IMMOL964]
Interne #1 : Démarrage queuednotification
2022-08-11 22:02:24 [2@IMMOL964]
Interne #1 : Démarrage planningrecall
2022-08-11 22:15:56 [2@IMMOL964]
Interne #1 : Démarrage olaticket
2022-08-11 22:16:19 [7@IMMOL964]
Interne #1 : Démarrage closeticket
2022-08-11 22:22:23 [2@IMMOL964]
Interne #1 : Démarrage queuednotification
2022-08-11 22:24:48 [7@IMMOL964]
Interne #1 : Démarrage mailgate
2022-08-11 22:27:56 [2@IMMOL964]
Interne #1 : Démarrage alertnotclosed
2022-08-11 22:31:22 [7@IMMOL964]
Interne #1 : Démarrage slaticket
2022-08-11 22:33:00 [2@IMMOL964]
Interne #1 : Démarrage reservation
2022-08-11 22:36:50 [7@IMMOL964]
Interne #1 : Démarrage RecurrentItems
2022-08-11 22:38:49 [2@IMMOL964]
Interne #1 : Démarrage planningrecall
2022-08-11 22:44:10 [2@IMMOL964]
Interne #1 : Démarrage olaticket
2022-08-11 22:44:14 [7@IMMOL964]
Interne #1 : Démarrage queuednotification
2022-08-11 22:49:26 [7@IMMOL964]
Interne #1 : Démarrage temp
2022-08-11 22:49:45 [2@IMMOL964]
Interne #1 : Démarrage graph
2022-08-12 08:52:07 [2@IMMOL964]
Interne #1 : Démarrage mailgate
2022-08-12 08:55:04 [7@IMMOL964]
Interne #1 : Démarrage slaticket
2022-08-12 08:57:49 [2@IMMOL964]
Interne #1 : Démarrage planningrecall
2022-08-12 09:02:02 [7@IMMOL964]
Interne #1 : Démarrage queuednotification
2022-08-12 09:03:15 [2@IMMOL964]
Interne #1 : Démarrage olaticket
2022-08-12 09:12:44 [2@IMMOL964]
Interne #1 : Démarrage reservation
2022-08-12 09:16:35 [7@IMMOL964]
Interne #1 : Démarrage RecurrentItems
2022-08-12 09:18:03 [2@IMMOL964]
Interne #1 : Démarrage graph
2022-08-12 09:27:40 [2@IMMOL964]
Interne #1 : Démarrage temp
2022-08-12 09:33:14 [2@IMMOL964]
Interne #1 : Démarrage slaticket
2022-08-12 09:38:44 [2@IMMOL964]
Interne #1 : Démarrage mailgate
2022-08-12 09:46:07 [7@IMMOL964]
Interne #1 : Démarrage planningrecall
2022-08-12 09:46:41 [2@IMMOL964]
Interne #1 : Démarrage queuednotification
2022-08-12 09:56:07 [2@IMMOL964]
Interne #1 : Démarrage olaticket
2022-08-12 09:57:53 [7@IMMOL964]
Interne #1 : Démarrage slaticket
2022-08-12 10:01:09 [2@IMMOL964]
Interne #1 : Démarrage queuednotification
2022-08-12 10:06:09 [2@IMMOL964]
Interne #1 : Démarrage mailgate
2022-08-12 10:08:20 [7@IMMOL964]
Interne #1 : Démarrage planningrecall
2022-08-12 10:11:15 [2@IMMOL964]
Interne #1 : Démarrage olaticket
2022-08-12 10:15:59 [7@IMMOL964]
Interne #1 : Démarrage slaticket
2022-08-12 11:08:18 [2@IMMOL964]
Interne #1 : Démarrage queuednotification
2022-08-12 13:32:16 [7@IMMOL964]
Interne #1 : Démarrage reservation
2022-08-12 16:19:56 [2@IMMOL964]
Interne #1 : Démarrage planningrecall
2022-08-16 09:17:08 [2@IMMOL964]
Interne #1 : Démarrage mailgate
2022-08-16 10:09:25 [2@IMMOL964]
Interne #1 : Démarrage closeticket
2022-08-16 10:17:51 [2@IMMOL964]
Interne #1 : Démarrage RecurrentItems
2022-08-16 10:18:41 [7@IMMOL964]
Interne #1 : Démarrage olaticket
2022-08-16 10:43:10 [2@IMMOL964]
Interne #1 : Démarrage graph
2022-08-16 10:46:24 [7@IMMOL964]
Interne #1 : Démarrage createinquest
2022-08-16 10:49:30 [2@IMMOL964]
Interne #1 : Démarrage slaticket
2022-08-16 10:56:29 [2@IMMOL964]
Interne #1 : Démarrage watcher
2022-08-16 10:59:41 [7@IMMOL964]
Interne #1 : Démarrage alertnotclosed
2022-08-16 11:02:47 [2@IMMOL964]
Interne #1 : Démarrage temp
2022-08-16 11:09:34 [2@IMMOL964]
Interne #1 : Démarrage queuednotificationclean
2022-08-16 11:19:43 [2@IMMOL964]
Interne #1 : Démarrage queuednotification
2022-08-16 11:25:06 [2@IMMOL964]
Interne #1 : Démarrage mailgateerror
2022-08-16 11:37:35 [7@IMMOL964]
Interne #1 : Démarrage certificate
2022-08-16 11:59:08 [2@IMMOL964]
Interne #1 : Démarrage reservation
2022-08-16 12:09:08 [2@IMMOL964]
Interne #1 : Démarrage planningrecall
2022-08-16 12:27:36 [2@IMMOL964]
Interne #1 : Démarrage contract
2022-08-16 14:05:12 [2@IMMOL964]
Interne #1 : Démarrage infocom
2022-08-17 10:17:59 [@IMMOL964]
Interne #1 : Démarrage session
2022-08-17 10:19:18 [@IMMOL964]
Interne #1 : Démarrage mailgate
2022-08-17 10:19:30 [@IMMOL964]
Interne #1 : Démarrage olaticket
2022-08-17 13:42:22 [2@IMMOL964]
Interne #1 : Démarrage slaticket
2022-08-17 13:47:45 [2@IMMOL964]
Interne #1 : Démarrage RecurrentItems
2022-08-17 17:06:13 [2@IMMOL964]
Interne #1 : Démarrage queuednotification
2022-08-18 11:07:47 [@IMMOL964]
Interne #1 : Démarrage graph
2022-08-18 11:07:53 [@IMMOL964]
Interne #1 : Démarrage temp
2022-08-18 11:18:08 [2@IMMOL964]
Interne #1 : Démarrage planningrecall
2022-08-18 11:19:42 [@IMMOL964]
Interne #1 : Démarrage reservation
2022-08-18 11:21:24 [@IMMOL964]
Interne #1 : Démarrage closeticket
2022-08-18 11:23:12 [2@IMMOL964]
Interne #1 : Démarrage alertnotclosed
2022-08-18 11:27:24 [9@IMMOL964]
Interne #1 : Démarrage olaticket
2022-08-18 11:28:58 [2@IMMOL964]
Interne #1 : Démarrage mailgate
2022-08-18 11:32:52 [9@IMMOL964]
Interne #1 : Démarrage createinquest
2022-08-18 11:42:05 [2@IMMOL964]
Interne #1 : Démarrage watcher
2022-08-18 11:46:25 [9@IMMOL964]
Interne #1 : Démarrage queuednotificationclean
2022-08-18 11:47:58 [2@IMMOL964]
Interne #1 : Démarrage mailgateerror
2022-08-18 11:57:22 [2@IMMOL964]
Interne #1 : Démarrage certificate
2022-08-18 12:04:15 [2@IMMOL964]
Interne #1 : Démarrage contract
2022-08-18 12:11:05 [2@IMMOL964]
Interne #1 : Démarrage slaticket
2022-08-18 12:20:04 [9@IMMOL964]
Interne #1 : Démarrage infocom
2022-08-18 12:21:32 [2@IMMOL964]
Interne #1 : Démarrage RecurrentItems
2022-08-18 13:19:56 [2@IMMOL964]
Interne #1 : Démarrage queuednotification
2022-08-18 17:06:52 [2@IMMOL964]
Interne #1 : Démarrage session
2022-08-19 12:28:25 [2@IMMOL964]
Interne #1 : Démarrage planningrecall
2022-08-19 12:33:32 [2@IMMOL964]
Interne #1 : Démarrage olaticket
2022-08-19 15:09:42 [2@IMMOL964]
Interne #1 : Démarrage mailgate
2022-08-19 15:11:53 [9@IMMOL964]
Interne #1 : Démarrage graph
2022-08-19 15:15:58 [2@IMMOL964]
Interne #1 : Démarrage temp
2022-08-19 15:17:56 [9@IMMOL964]
Interne #1 : Démarrage slaticket
2022-08-19 15:21:42 [2@IMMOL964]
Interne #1 : Démarrage reservation
2022-08-19 15:27:59 [2@IMMOL964]
Interne #1 : Démarrage queuednotification
2022-08-19 15:28:42 [9@IMMOL964]
Interne #1 : Démarrage RecurrentItems
2022-08-19 15:33:17 [2@IMMOL964]
Interne #1 : Démarrage closeticket
2022-08-19 15:33:56 [9@IMMOL964]
Interne #1 : Démarrage alertnotclosed
2022-08-19 15:39:01 [2@IMMOL964]
Interne #1 : Démarrage createinquest
2022-08-19 15:45:15 [2@IMMOL964]
Interne #1 : Démarrage watcher
2022-08-19 15:50:20 [2@IMMOL964]
Interne #1 : Démarrage queuednotificationclean
2022-08-19 15:55:38 [9@IMMOL964]
Interne #1 : Démarrage mailgateerror
2022-08-19 15:56:19 [2@IMMOL964]
Interne #1 : Démarrage certificate
2022-08-19 16:02:56 [2@IMMOL964]
Interne #1 : Démarrage contract
2022-08-19 16:19:33 [2@IMMOL964]
Interne #1 : Démarrage infocom
2022-08-22 11:55:36 [2@IMMOL964]
Interne #1 : Démarrage planningrecall
2022-08-22 12:09:54 [2@IMMOL964]
Interne #1 : Démarrage olaticket
2022-08-22 12:19:56 [2@IMMOL964]
Interne #1 : Démarrage mailgate
2022-08-22 13:26:33 [2@IMMOL964]
Interne #1 : Démarrage slaticket
2022-08-22 13:52:48 [2@IMMOL964]
Interne #1 : Démarrage queuednotification
2022-08-22 15:20:33 [2@IMMOL964]
Interne #1 : Démarrage graph
2022-08-22 15:36:11 [@IMMOL964]
Interne #1 : Démarrage temp
2022-08-22 15:36:16 [@IMMOL964]
Interne #1 : Démarrage reservation
2022-08-22 15:42:30 [2@IMMOL964]
Interne #1 : Démarrage RecurrentItems
2022-08-22 15:47:49 [2@IMMOL964]
Interne #1 : Démarrage session
2022-08-22 15:49:49 [7@IMMOL964]
Interne #1 : Démarrage closeticket
2022-08-22 15:52:55 [2@IMMOL964]
Interne #1 : Démarrage alertnotclosed
2022-08-22 15:59:08 [2@IMMOL964]
Interne #1 : Démarrage createinquest
2022-08-22 15:59:26 [7@IMMOL964]
Interne #1 : Démarrage watcher
2022-08-22 16:07:29 [7@IMMOL964]
Interne #1 : Démarrage queuednotificationclean
2022-08-22 16:11:09 [2@IMMOL964]
Interne #1 : Démarrage mailgateerror
2022-08-22 16:13:04 [7@IMMOL964]
Interne #1 : Démarrage certificate
2022-08-22 16:16:33 [2@IMMOL964]
Interne #1 : Démarrage contract
2022-08-22 16:23:16 [2@IMMOL964]
Interne #1 : Démarrage infocom
2022-08-22 16:28:55 [2@IMMOL964]
Interne #1 : Démarrage planningrecall
2022-08-22 16:33:34 [7@IMMOL964]
Interne #1 : Démarrage olaticket
2022-08-22 16:34:21 [2@IMMOL964]
Interne #1 : Démarrage mailgate
2022-08-22 16:38:46 [7@IMMOL964]
Interne #1 : Démarrage slaticket
2022-08-22 16:39:23 [2@IMMOL964]
Interne #1 : Démarrage queuednotification
2022-08-22 16:44:26 [2@IMMOL964]
Interne #1 : Démarrage graph
2022-08-22 16:47:35 [7@IMMOL964]
Interne #1 : Démarrage planningrecall
2022-08-22 16:59:23 [2@IMMOL964]
Interne #1 : Démarrage reservation
2022-08-23 10:51:15 [2@IMMOL964]
Interne #1 : Démarrage temp
2022-08-23 10:57:25 [2@IMMOL964]
Interne #1 : Démarrage olaticket
2022-08-23 11:02:26 [2@IMMOL964]
Interne #1 : Démarrage queuednotification
2022-08-23 11:08:52 [2@IMMOL964]
Interne #1 : Démarrage RecurrentItems
2022-08-23 11:15:24 [2@IMMOL964]
Interne #1 : Démarrage slaticket
2022-08-23 11:15:39 [7@IMMOL964]
Interne #1 : Démarrage mailgate
2022-08-23 11:21:03 [7@IMMOL964]
Interne #1 : Démarrage planningrecall
2022-08-23 11:21:24 [2@IMMOL964]
Interne #1 : Démarrage graph
2022-08-23 11:26:11 [7@IMMOL964]
Interne #1 : Démarrage reservation
2022-08-23 11:26:57 [2@IMMOL964]
Interne #1 : Démarrage closeticket
2022-08-23 11:33:02 [2@IMMOL964]
Interne #1 : Démarrage alertnotclosed
2022-08-23 11:37:40 [7@IMMOL964]
Interne #1 : Démarrage olaticket
2022-08-23 11:38:22 [2@IMMOL964]
Interne #1 : Démarrage queuednotification
2022-08-23 11:43:27 [2@IMMOL964]
Interne #1 : Démarrage slaticket
2022-08-23 11:48:07 [7@IMMOL964]
Interne #1 : Démarrage mailgate
2022-08-23 11:48:44 [2@IMMOL964]
Interne #1 : Démarrage planningrecall
2022-08-23 14:00:33 [2@IMMOL964]
Interne #1 : Démarrage queuednotification
2022-08-23 14:21:52 [2@IMMOL964]
Interne #1 : Démarrage olaticket
2022-08-23 14:35:11 [2@IMMOL964]
Interne #1 : Démarrage slaticket
2022-08-23 14:39:10 [7@IMMOL964]
Interne #1 : Démarrage temp
2022-08-23 14:54:25 [7@IMMOL964]
Interne #1 : Démarrage planningrecall
2022-08-23 15:31:04 [2@IMMOL964]
Interne #1 : Démarrage mailgate
2022-08-23 15:32:35 [7@IMMOL964]
Interne #1 : Démarrage RecurrentItems
2022-08-23 15:58:43 [2@IMMOL964]
Interne #1 : Démarrage graph
2022-08-23 16:07:54 [7@IMMOL964]
Interne #1 : Démarrage reservation
2022-08-23 16:09:47 [2@IMMOL964]
Interne #1 : Démarrage queuednotification
2022-08-23 16:13:11 [7@IMMOL964]
Interne #1 : Démarrage olaticket
2022-08-23 16:22:23 [2@IMMOL964]
Interne #1 : Démarrage slaticket
2022-08-23 16:35:59 [2@IMMOL964]
Interne #1 : Démarrage planningrecall
2022-08-23 16:37:55 [7@IMMOL964]
Interne #1 : Démarrage temp
2022-08-23 16:44:45 [2@IMMOL964]
Interne #1 : Démarrage mailgate
2022-08-23 16:51:25 [2@IMMOL964]
Interne #1 : Démarrage session
2022-08-24 10:08:39 [2@IMMOL964]
Interne #1 : Démarrage createinquest
2022-08-24 10:17:47 [7@IMMOL964]
Interne #1 : Démarrage watcher
2022-08-24 10:18:17 [2@IMMOL964]
Interne #1 : Démarrage queuednotificationclean
2022-08-24 10:22:51 [7@IMMOL964]
Interne #1 : Démarrage queuednotification
2022-08-24 10:24:00 [2@IMMOL964]
Interne #1 : Démarrage mailgateerror
2022-08-24 10:29:58 [2@IMMOL964]
Interne #1 : Démarrage certificate
2022-08-24 10:36:54 [7@IMMOL964]
Interne #1 : Démarrage contract
2022-08-24 10:37:09 [2@IMMOL964]
Interne #1 : Démarrage olaticket
2022-08-24 11:20:59 [7@IMMOL964]
Interne #1 : Démarrage infocom
2022-08-24 11:22:37 [2@IMMOL964]
Interne #1 : Démarrage slaticket
2022-08-24 11:28:54 [2@IMMOL964]
Interne #1 : Démarrage RecurrentItems
2022-08-24 11:36:38 [2@IMMOL964]
Interne #1 : Démarrage planningrecall
2022-08-24 11:50:55 [2@IMMOL964]
Interne #1 : Démarrage mailgate
2022-08-24 11:56:03 [2@IMMOL964]
Interne #1 : Démarrage graph
2022-08-24 13:11:25 [2@IMMOL964]
Interne #1 : Démarrage reservation
2022-08-24 14:27:12 [2@IMMOL964]
Interne #1 : Démarrage temp
2022-08-24 14:36:50 [2@IMMOL964]
Interne #1 : Démarrage closeticket
2022-08-24 15:05:07 [2@IMMOL964]
Interne #1 : Démarrage alertnotclosed
2022-08-24 15:27:26 [7@IMMOL964]
Interne #1 : Démarrage queuednotification
2022-08-24 15:27:38 [2@IMMOL964]
Interne #1 : Démarrage olaticket
2022-08-24 15:35:19 [2@IMMOL964]
Interne #1 : Démarrage slaticket
2022-08-25 09:09:07 [2@IMMOL964]
Interne #1 : Démarrage planningrecall
2022-08-25 09:19:46 [2@IMMOL964]
Interne #1 : Démarrage mailgate
2022-08-25 14:26:31 [7@IMMOL964]
Interne #1 : Démarrage RecurrentItems
2022-08-25 15:01:57 [2@IMMOL964]
Interne #1 : Démarrage graph
2022-08-25 15:07:19 [2@IMMOL964]
Interne #1 : Démarrage reservation
2022-08-25 15:18:53 [2@IMMOL964]
Interne #1 : Démarrage temp
2022-08-25 15:41:31 [2@IMMOL964]
Interne #1 : Démarrage queuednotification
2022-08-25 15:48:10 [2@IMMOL964]
Interne #1 : Démarrage olaticket
2022-08-25 15:53:20 [2@IMMOL964]
Interne #1 : Démarrage slaticket
2022-08-26 09:19:41 [2@IMMOL964]
Interne #1 : Démarrage session
2022-08-26 09:30:50 [2@IMMOL964]
Interne #1 : Démarrage closeticket
2022-08-26 12:20:20 [7@IMMOL964]
Interne #1 : Démarrage alertnotclosed
2022-08-29 16:30:59 [@IMMOL964]
Interne #1 : Démarrage planningrecall
2022-08-29 16:34:56 [2@IMMOL964]
Interne #1 : Démarrage mailgate
2022-08-29 16:38:07 [7@IMMOL964]
Interne #1 : Démarrage createinquest
2022-08-29 16:40:12 [2@IMMOL964]
Interne #1 : Démarrage watcher
2022-08-29 19:26:51 [7@IMMOL964]
Interne #1 : Démarrage queuednotificationclean
2022-08-29 19:27:53 [2@IMMOL964]
Interne #1 : Démarrage mailgateerror
2022-08-29 20:12:07 [2@IMMOL964]
Interne #1 : Démarrage certificate
2022-08-29 20:12:41 [7@IMMOL964]
Interne #1 : Démarrage contract
2022-08-29 20:17:08 [2@IMMOL964]
Interne #1 : Démarrage infocom
2022-08-29 20:18:49 [7@IMMOL964]
Interne #1 : Démarrage RecurrentItems
2022-08-29 20:22:17 [2@IMMOL964]
Interne #1 : Démarrage queuednotification
2022-08-29 20:27:31 [2@IMMOL964]
Interne #1 : Démarrage olaticket
2022-08-29 20:34:01 [2@IMMOL964]
Interne #1 : Démarrage slaticket
2022-08-29 20:39:47 [2@IMMOL964]
Interne #1 : Démarrage graph
2022-08-29 20:45:20 [2@IMMOL964]
Interne #1 : Démarrage reservation
2022-08-29 20:55:39 [2@IMMOL964]
Interne #1 : Démarrage temp
2022-08-29 21:02:29 [2@IMMOL964]
Interne #1 : Démarrage closeticket
2022-08-29 21:09:20 [2@IMMOL964]
Interne #1 : Démarrage alertnotclosed
2022-08-29 21:37:53 [2@IMMOL964]
Interne #1 : Démarrage session
2022-08-29 21:55:57 [2@IMMOL964]
Interne #1 : Démarrage planningrecall
2022-08-29 22:23:01 [2@IMMOL964]
Interne #1 : Démarrage mailgate
2022-08-29 22:32:24 [2@IMMOL964]
Interne #1 : Démarrage queuednotification
2022-08-29 22:37:35 [2@IMMOL964]
Interne #1 : Démarrage olaticket
2022-08-29 22:49:31 [2@IMMOL964]
Interne #1 : Démarrage slaticket
2022-08-30 09:06:55 [2@IMMOL964]
Interne #1 : Démarrage RecurrentItems
2022-08-30 09:24:21 [2@IMMOL964]
Interne #1 : Démarrage graph
2022-08-30 09:35:38 [2@IMMOL964]
Interne #1 : Démarrage reservation
2022-08-30 09:51:29 [2@IMMOL964]
Interne #1 : Démarrage temp
2022-08-30 09:58:02 [2@IMMOL964]
Interne #1 : Démarrage planningrecall
2022-08-30 10:24:00 [2@IMMOL964]
Interne #1 : Démarrage mailgate
2022-08-30 10:29:35 [2@IMMOL964]
Interne #1 : Démarrage queuednotification
2022-08-30 10:36:55 [2@IMMOL964]
Interne #1 : Démarrage olaticket
2022-08-30 10:42:02 [2@IMMOL964]
Interne #1 : Démarrage slaticket
2022-08-30 10:47:49 [2@IMMOL964]
Interne #1 : Démarrage closeticket
2022-08-30 10:54:34 [2@IMMOL964]
Interne #1 : Démarrage alertnotclosed
2022-08-30 11:04:51 [2@IMMOL964]
Interne #1 : Démarrage planningrecall
2022-08-30 11:10:11 [2@IMMOL964]
Interne #1 : Démarrage RecurrentItems
2022-08-30 11:22:36 [2@IMMOL964]
Interne #1 : Démarrage graph
2022-08-30 11:29:27 [2@IMMOL964]
Interne #1 : Démarrage queuednotification
2022-08-30 11:37:32 [2@IMMOL964]
Interne #1 : Démarrage mailgate
2022-08-30 11:53:06 [2@IMMOL964]
Interne #1 : Démarrage reservation
2022-08-30 11:58:45 [2@IMMOL964]
Interne #1 : Démarrage olaticket
2022-08-30 12:12:25 [2@IMMOL964]
Interne #1 : Démarrage slaticket
2022-08-30 12:20:27 [2@IMMOL964]
Interne #1 : Démarrage temp
2022-08-30 12:26:48 [2@IMMOL964]
Interne #1 : Démarrage planningrecall
2022-08-30 13:46:42 [2@IMMOL964]
Interne #1 : Démarrage queuednotification
2022-08-30 14:03:22 [2@IMMOL964]
Interne #1 : Démarrage mailgate
2022-08-30 14:13:10 [2@IMMOL964]
Interne #1 : Démarrage olaticket
2022-08-30 14:28:11 [2@IMMOL964]
Interne #1 : Démarrage RecurrentItems
2022-08-30 14:33:40 [2@IMMOL964]
Interne #1 : Démarrage slaticket
2022-08-30 14:42:00 [2@IMMOL964]
Interne #1 : Démarrage graph
2022-08-30 14:56:27 [2@IMMOL964]
Interne #1 : Démarrage planningrecall
2022-08-30 15:04:33 [2@IMMOL964]
Interne #1 : Démarrage reservation
2022-08-30 15:10:01 [2@IMMOL964]
Interne #1 : Démarrage temp
2022-08-30 15:20:41 [2@IMMOL964]
Interne #1 : Démarrage queuednotification
2022-08-30 15:27:10 [2@IMMOL964]
Interne #1 : Démarrage mailgate
2022-08-30 15:40:59 [2@IMMOL964]
Interne #1 : Démarrage olaticket
2022-08-30 15:48:36 [2@IMMOL964]
Interne #1 : Démarrage slaticket
2022-08-30 16:08:46 [2@IMMOL964]
Interne #1 : Démarrage planningrecall
2022-08-30 16:36:04 [2@IMMOL964]
Interne #1 : Démarrage queuednotification
2022-08-30 16:43:27 [2@IMMOL964]
Interne #1 : Démarrage RecurrentItems
2022-08-30 16:49:18 [2@IMMOL964]
Interne #1 : Démarrage mailgate
2022-08-30 16:54:28 [2@IMMOL964]
Interne #1 : Démarrage graph
2022-08-30 17:04:00 [2@IMMOL964]
Interne #1 : Démarrage olaticket
2022-08-30 17:11:15 [2@IMMOL964]
Interne #1 : Démarrage slaticket
2022-08-30 17:19:09 [2@IMMOL964]
Interne #1 : Démarrage reservation
2022-08-30 17:26:07 [2@IMMOL964]
Interne #1 : Démarrage temp
2022-08-30 17:31:20 [2@IMMOL964]
Interne #1 : Démarrage planningrecall
2022-08-30 17:37:31 [2@IMMOL964]
Interne #1 : Démarrage queuednotification
2022-08-31 10:16:25 [2@IMMOL964]
Interne #1 : Démarrage createinquest
2022-08-31 10:29:52 [2@IMMOL964]
Interne #1 : Démarrage watcher
2022-08-31 10:55:55 [2@IMMOL964]
Interne #1 : Démarrage mailgate
2022-08-31 11:01:24 [2@IMMOL964]
Interne #1 : Démarrage olaticket
2022-08-31 11:06:59 [2@IMMOL964]
Interne #1 : Démarrage slaticket
2022-08-31 11:28:18 [2@IMMOL964]
Interne #1 : Démarrage planningrecall
2022-08-31 11:33:25 [2@IMMOL964]
Interne #1 : Démarrage queuednotification
2022-08-31 11:51:46 [2@IMMOL964]
Interne #1 : Démarrage RecurrentItems
2022-08-31 13:21:06 [2@IMMOL964]
Interne #1 : Démarrage graph
2022-08-31 13:27:33 [2@IMMOL964]
Interne #1 : Démarrage reservation
2022-08-31 13:33:04 [2@IMMOL964]
Interne #1 : Démarrage temp
2022-08-31 13:38:49 [2@IMMOL964]
Interne #1 : Démarrage queuednotificationclean
2022-08-31 13:50:25 [2@IMMOL964]
Interne #1 : Démarrage mailgateerror
2022-08-31 13:56:16 [2@IMMOL964]
Interne #1 : Démarrage contract
2022-08-31 14:01:17 [2@IMMOL964]
Interne #1 : Démarrage certificate
2022-08-31 14:13:37 [2@IMMOL964]
Interne #1 : Démarrage infocom
2022-08-31 14:19:22 [2@IMMOL964]
Interne #1 : Démarrage session
2022-08-31 14:23:44 [7@IMMOL964]
Interne #1 : Démarrage closeticket
2022-08-31 14:26:18 [2@IMMOL964]
Interne #1 : Démarrage alertnotclosed
2022-08-31 14:35:22 [2@IMMOL964]
Interne #1 : Démarrage mailgate
2022-08-31 14:45:29 [2@IMMOL964]
Interne #1 : Démarrage olaticket
2022-08-31 14:55:13 [2@IMMOL964]
Interne #1 : Démarrage slaticket
2022-08-31 15:01:26 [2@IMMOL964]
Interne #1 : Démarrage planningrecall
2022-08-31 15:02:40 [7@IMMOL964]
Interne #1 : Démarrage queuednotification
2022-08-31 15:17:07 [2@IMMOL964]
Interne #1 : Démarrage RecurrentItems
2022-08-31 15:21:40 [7@IMMOL964]
Interne #1 : Démarrage graph
2022-08-31 15:23:11 [2@IMMOL964]
Interne #1 : Démarrage reservation
2022-08-31 15:27:51 [7@IMMOL964]
Interne #1 : Démarrage temp
2022-08-31 15:28:24 [2@IMMOL964]
Interne #1 : Démarrage mailgate
2022-08-31 15:35:25 [2@IMMOL964]
Interne #1 : Démarrage olaticket
2022-08-31 15:36:31 [7@IMMOL964]
Interne #1 : Démarrage slaticket
2022-08-31 15:40:30 [2@IMMOL964]
Interne #1 : Démarrage queuednotification
2022-08-31 15:45:52 [2@IMMOL964]
Interne #1 : Démarrage planningrecall
2022-08-31 15:51:18 [2@IMMOL964]
Interne #1 : Démarrage mailgate
2022-08-31 15:57:26 [2@IMMOL964]
Interne #1 : Démarrage olaticket
2022-08-31 16:20:07 [2@IMMOL964]
Interne #1 : Démarrage slaticket
2022-08-31 16:26:07 [2@IMMOL964]
Interne #1 : Démarrage queuednotification
2022-08-31 16:45:16 [2@IMMOL964]
Interne #1 : Démarrage planningrecall
2022-08-31 16:58:45 [2@IMMOL964]
Interne #1 : Démarrage mailgate
2022-08-31 17:06:59 [2@IMMOL964]
Interne #1 : Démarrage olaticket
2022-08-31 17:07:27 [7@IMMOL964]
Interne #1 : Démarrage RecurrentItems
2022-08-31 17:36:33 [2@IMMOL964]
Interne #1 : Démarrage graph
2022-08-31 17:41:52 [2@IMMOL964]
Interne #1 : Démarrage reservation
2022-08-31 18:12:34 [7@IMMOL964]
Interne #1 : Démarrage slaticket
2022-08-31 18:12:55 [2@IMMOL964]
Interne #1 : Démarrage queuednotification
2022-08-31 18:19:50 [2@IMMOL964]
Interne #1 : Démarrage temp
2022-08-31 18:26:43 [2@IMMOL964]
Interne #1 : Démarrage planningrecall
2022-08-31 18:32:02 [2@IMMOL964]
Interne #1 : Démarrage mailgate
2022-08-31 18:42:16 [2@IMMOL964]
Interne #1 : Démarrage olaticket
2022-08-31 18:48:25 [2@IMMOL964]
Interne #1 : Démarrage RecurrentItems
2022-08-31 18:53:30 [2@IMMOL964]
Interne #1 : Démarrage queuednotification
2022-08-31 19:01:56 [2@IMMOL964]
Interne #1 : Démarrage slaticket
2022-08-31 19:06:59 [2@IMMOL964]
Interne #1 : Démarrage planningrecall
2022-08-31 19:12:35 [2@IMMOL964]
Interne #1 : Démarrage graph
2022-08-31 19:20:21 [2@IMMOL964]
Interne #1 : Démarrage reservation
2022-08-31 19:26:24 [2@IMMOL964]
Interne #1 : Démarrage mailgate
2022-09-01 09:47:51 [2@IMMOL964]
Interne #1 : Démarrage olaticket
2022-09-01 09:56:19 [2@IMMOL964]
Interne #1 : Démarrage queuednotification
2022-09-01 10:08:35 [2@IMMOL964]
Interne #1 : Démarrage slaticket
2022-09-01 10:22:18 [2@IMMOL964]
Interne #1 : Démarrage planningrecall
2022-09-01 10:28:26 [2@IMMOL964]
Interne #1 : Démarrage temp
2022-09-01 10:35:20 [2@IMMOL964]
Interne #1 : Démarrage mailgate
2022-09-01 10:44:16 [2@IMMOL964]
Interne #1 : Démarrage RecurrentItems
2022-09-01 10:49:40 [2@IMMOL964]
Interne #1 : Démarrage graph
2022-09-01 10:57:01 [2@IMMOL964]
Interne #1 : Démarrage reservation
2022-09-01 11:06:21 [2@IMMOL964]
Interne #1 : Démarrage closeticket
2022-09-01 11:13:10 [2@IMMOL964]
Interne #1 : Démarrage alertnotclosed
2022-09-01 11:18:52 [2@IMMOL964]
Interne #1 : Démarrage olaticket
2022-09-01 11:28:42 [2@IMMOL964]
Interne #1 : Démarrage queuednotification
2022-09-01 11:35:43 [2@IMMOL964]
Interne #1 : Démarrage slaticket
2022-09-01 11:52:20 [2@IMMOL964]
Interne #1 : Démarrage createinquest
2022-09-01 11:57:51 [2@IMMOL964]
Interne #1 : Démarrage planningrecall
2022-09-01 12:03:06 [2@IMMOL964]
Interne #1 : Démarrage watcher
2022-09-01 12:13:36 [2@IMMOL964]
Interne #1 : Démarrage mailgate
2022-09-01 12:18:39 [2@IMMOL964]
Interne #1 : Démarrage olaticket
2022-09-01 12:25:39 [2@IMMOL964]
Interne #1 : Démarrage temp
2022-09-01 12:33:37 [2@IMMOL964]
Interne #1 : Démarrage queuednotification
2022-09-01 12:38:50 [2@IMMOL964]
Interne #1 : Démarrage slaticket
2022-09-01 12:44:08 [2@IMMOL964]
Interne #1 : Démarrage RecurrentItems
2022-09-01 12:49:34 [2@IMMOL964]
Interne #1 : Démarrage graph
2022-09-01 12:55:13 [2@IMMOL964]
Interne #1 : Démarrage reservation
2022-09-01 13:00:20 [2@IMMOL964]
Interne #1 : Démarrage planningrecall
2022-09-01 13:38:16 [2@IMMOL964]
Interne #1 : Démarrage mailgate
2022-09-01 13:45:42 [2@IMMOL964]
Interne #1 : Démarrage olaticket
2022-09-01 13:51:02 [2@IMMOL964]
Interne #1 : Démarrage queuednotification
2022-09-01 13:56:06 [2@IMMOL964]
Interne #1 : Démarrage slaticket
2022-09-01 14:08:02 [2@IMMOL964]
Interne #1 : Démarrage planningrecall
2022-09-01 14:18:28 [2@IMMOL964]
Interne #1 : Démarrage temp
2022-09-01 14:23:34 [2@IMMOL964]
Interne #1 : Démarrage queuednotificationclean
2022-09-01 14:33:08 [2@IMMOL964]
Interne #1 : Démarrage RecurrentItems
2022-09-01 15:43:29 [2@IMMOL964]
Interne #1 : Démarrage mailgate
2022-09-01 15:49:31 [2@IMMOL964]
Interne #1 : Démarrage graph
2022-09-01 15:54:53 [2@IMMOL964]
Interne #1 : Démarrage mailgateerror
2022-09-01 16:03:36 [2@IMMOL964]
Interne #1 : Démarrage olaticket
2022-09-01 16:15:54 [2@IMMOL964]
Interne #1 : Démarrage queuednotification
2022-09-01 16:22:03 [2@IMMOL964]
Interne #1 : Démarrage reservation
2022-09-01 17:01:20 [2@IMMOL964]
Interne #1 : Démarrage contract
2022-09-02 10:13:07 [2@IMMOL964]
Interne #1 : Démarrage slaticket
2022-09-02 12:30:03 [2@IMMOL964]
Interne #1 : Démarrage certificate
2022-09-02 12:54:58 [2@IMMOL964]
Interne #1 : Démarrage infocom
2022-09-02 13:43:10 [2@IMMOL964]
Interne #1 : Démarrage planningrecall
2022-09-02 13:48:39 [2@IMMOL964]
Interne #1 : Démarrage session
2022-09-02 14:00:02 [2@IMMOL964]
Interne #1 : Démarrage temp
2022-09-02 14:08:21 [2@IMMOL964]
Interne #1 : Démarrage RecurrentItems
2022-09-02 14:16:33 [2@IMMOL964]
Interne #1 : Démarrage mailgate
2022-09-02 14:22:00 [2@IMMOL964]
Interne #1 : Démarrage olaticket
2022-09-02 14:27:07 [2@IMMOL964]
Interne #1 : Démarrage queuednotification
2022-09-02 14:33:26 [2@IMMOL964]
Interne #1 : Démarrage graph
2022-09-02 14:38:50 [2@IMMOL964]
Interne #1 : Démarrage reservation
2022-09-02 14:56:10 [2@IMMOL964]
Interne #1 : Démarrage closeticket
2022-09-02 15:08:30 [2@IMMOL964]
Interne #1 : Démarrage alertnotclosed
2022-09-02 15:27:54 [2@IMMOL964]
Interne #1 : Démarrage slaticket
2022-09-02 15:33:56 [2@IMMOL964]
Interne #1 : Démarrage createinquest
2022-09-02 15:42:27 [2@IMMOL964]
Interne #1 : Démarrage watcher
2022-09-02 15:48:23 [2@IMMOL964]
Interne #1 : Démarrage planningrecall
2022-09-02 16:04:22 [2@IMMOL964]
Interne #1 : Démarrage queuednotificationclean
2022-09-02 16:16:07 [2@IMMOL964]
Interne #1 : Démarrage mailgate
2022-09-02 16:49:00 [2@IMMOL964]
Interne #1 : Démarrage olaticket
2022-09-02 16:56:45 [2@IMMOL964]
Interne #1 : Démarrage queuednotification
2022-09-02 17:01:51 [2@IMMOL964]
Interne #1 : Démarrage temp
2022-09-02 17:07:56 [2@IMMOL964]
Interne #1 : Démarrage RecurrentItems
2022-09-05 09:21:17 [2@IMMOL964]
Interne #1 : Démarrage slaticket
2022-09-05 09:33:39 [2@IMMOL964]
Interne #1 : Démarrage graph
2022-09-05 09:38:42 [2@IMMOL964]
Interne #1 : Démarrage reservation
2022-09-05 09:43:48 [2@IMMOL964]
Interne #1 : Démarrage planningrecall
2022-09-05 09:48:54 [2@IMMOL964]
Interne #1 : Démarrage mailgateerror
2022-09-05 10:07:47 [2@IMMOL964]
Interne #1 : Démarrage mailgate
2022-09-05 10:17:45 [2@IMMOL964]
Interne #1 : Démarrage olaticket
2022-09-05 10:23:16 [2@IMMOL964]
Interne #1 : Démarrage queuednotification
2022-09-05 10:28:59 [2@IMMOL964]
Interne #1 : Démarrage contract
2022-09-05 10:35:52 [2@IMMOL964]
Interne #1 : Démarrage temp
2022-09-05 10:44:30 [2@IMMOL964]
Interne #1 : Démarrage RecurrentItems
2022-09-05 10:50:37 [2@IMMOL964]
Interne #1 : Démarrage closeticket
2022-09-05 11:40:26 [2@IMMOL964]
Interne #1 : Démarrage alertnotclosed
2022-09-05 11:51:19 [2@IMMOL964]
Interne #1 : Démarrage certificate
2022-09-05 14:13:35 [2@IMMOL964]
Interne #1 : Démarrage infocom
2022-09-05 14:24:28 [2@IMMOL964]
Interne #1 : Démarrage session
2022-09-05 14:30:28 [2@IMMOL964]
Interne #1 : Démarrage createinquest
2022-09-05 14:37:05 [2@IMMOL964]
Interne #1 : Démarrage watcher
2022-09-05 14:48:01 [2@IMMOL964]
Interne #1 : Démarrage queuednotificationclean
2022-09-05 14:53:36 [2@IMMOL964]
Interne #1 : Démarrage slaticket
2022-09-05 14:59:36 [2@IMMOL964]
Interne #1 : Démarrage planningrecall
2022-09-05 15:13:20 [2@IMMOL964]
Interne #1 : Démarrage mailgate
2022-09-05 15:18:59 [2@IMMOL964]
Interne #1 : Démarrage olaticket
2022-09-05 15:32:10 [2@IMMOL964]
Interne #1 : Démarrage queuednotification
2022-09-05 15:37:46 [2@IMMOL964]
Interne #1 : Démarrage graph
2022-09-05 15:44:58 [2@IMMOL964]
Interne #1 : Démarrage reservation
2022-09-05 15:55:44 [2@IMMOL964]
Interne #1 : Démarrage temp
2022-09-05 16:06:19 [2@IMMOL964]
Interne #1 : Démarrage RecurrentItems
2022-09-05 16:23:46 [2@IMMOL964]
Interne #1 : Démarrage slaticket
2022-09-05 16:31:24 [2@IMMOL964]
Interne #1 : Démarrage planningrecall
2022-09-05 16:38:38 [2@IMMOL964]
Interne #1 : Démarrage mailgate
2022-09-05 16:44:03 [2@IMMOL964]
Interne #1 : Démarrage olaticket
2022-09-05 16:49:44 [2@IMMOL964]
Interne #1 : Démarrage queuednotification
2022-09-05 16:58:50 [2@IMMOL964]
Interne #1 : Démarrage slaticket
2022-09-05 17:04:21 [2@IMMOL964]
Interne #1 : Démarrage planningrecall
2022-09-06 10:01:30 [@IMMOL964]
Interne #1 : Démarrage graph
2022-09-06 10:03:33 [@IMMOL964]
Interne #1 : Démarrage reservation
2022-09-06 10:03:36 [@IMMOL964]
Interne #1 : Démarrage mailgate
2022-09-06 10:03:40 [@IMMOL964]
Interne #1 : Démarrage olaticket
2022-09-06 10:03:43 [@IMMOL964]
Interne #1 : Démarrage queuednotification
2022-09-06 10:04:24 [@IMMOL964]
Interne #1 : Démarrage temp
2022-09-06 10:25:04 [2@IMMOL964]
Interne #1 : Démarrage slaticket
2022-09-06 10:32:04 [2@IMMOL964]
Interne #1 : Démarrage RecurrentItems
2022-09-06 10:37:28 [2@IMMOL964]
Interne #1 : Démarrage planningrecall
2022-09-06 10:43:29 [2@IMMOL964]
Interne #1 : Démarrage closeticket
2022-09-06 10:50:02 [2@IMMOL964]
Interne #1 : Démarrage alertnotclosed
2022-09-06 11:23:32 [2@IMMOL964]
Interne #1 : Démarrage mailgateerror
2022-09-06 11:29:44 [2@IMMOL964]
Interne #1 : Démarrage queuednotification
2022-09-06 11:35:29 [2@IMMOL964]
Interne #1 : Démarrage olaticket
2022-09-06 11:42:18 [2@IMMOL964]
Interne #1 : Démarrage mailgate
2022-09-06 11:47:43 [2@IMMOL964]
Interne #1 : Démarrage contract
2022-09-06 11:53:12 [2@IMMOL964]
Interne #1 : Démarrage slaticket
2022-09-06 12:09:39 [2@IMMOL964]
Interne #1 : Démarrage planningrecall
2022-09-06 12:18:06 [2@IMMOL964]
Interne #1 : Démarrage graph
2022-09-06 14:09:09 [2@IMMOL964]
Interne #1 : Démarrage reservation
2022-09-06 14:19:45 [2@IMMOL964]
Interne #1 : Démarrage temp
2022-09-06 14:32:49 [2@IMMOL964]
Interne #1 : Démarrage queuednotification
2022-09-06 14:48:25 [2@IMMOL964]
Interne #1 : Démarrage RecurrentItems
2022-09-06 15:01:39 [2@IMMOL964]
Interne #1 : Démarrage olaticket
2022-09-06 15:15:36 [2@IMMOL964]
Interne #1 : Démarrage certificate
2022-09-06 15:51:40 [2@IMMOL964]
Interne #1 : Démarrage mailgate
2022-09-06 16:07:33 [2@IMMOL964]
Interne #1 : Démarrage slaticket
2022-09-06 16:20:54 [2@IMMOL964]
Interne #1 : Démarrage planningrecall
2022-09-06 16:45:30 [2@IMMOL964]
Interne #1 : Démarrage graph
2022-09-07 10:44:15 [2@IMMOL964]
Interne #1 : Démarrage infocom
2022-09-07 11:04:54 [2@IMMOL964]
Interne #1 : Démarrage session
2022-09-07 11:11:18 [2@IMMOL964]
Interne #1 : Démarrage createinquest
2022-09-07 11:17:31 [2@IMMOL964]
Interne #1 : Démarrage queuednotification
2022-09-07 11:22:33 [2@IMMOL964]
Interne #1 : Démarrage watcher
2022-09-07 12:19:23 [2@IMMOL964]
Interne #1 : Démarrage queuednotificationclean
2022-09-07 12:28:23 [2@IMMOL964]
Interne #1 : Démarrage olaticket
2022-09-07 12:35:44 [2@IMMOL964]
Interne #1 : Démarrage reservation
2022-09-07 12:41:14 [2@IMMOL964]
Interne #1 : Démarrage temp
2022-09-07 12:46:32 [2@IMMOL964]
Interne #1 : Démarrage RecurrentItems
2022-09-07 12:51:53 [2@IMMOL964]
Interne #1 : Démarrage mailgate
2022-09-07 12:58:45 [2@IMMOL964]
Interne #1 : Démarrage slaticket
2022-09-07 13:03:53 [2@IMMOL964]
Interne #1 : Démarrage planningrecall
2022-09-07 13:11:14 [2@IMMOL964]
Interne #1 : Démarrage graph
2022-09-07 13:16:20 [2@IMMOL964]
Interne #1 : Démarrage closeticket
2022-09-07 13:21:22 [2@IMMOL964]
Interne #1 : Démarrage alertnotclosed
2022-09-07 14:41:24 [2@IMMOL964]
Interne #1 : Démarrage queuednotification
2022-09-07 14:47:46 [2@IMMOL964]
Interne #1 : Démarrage mailgateerror
2022-09-07 14:52:48 [2@IMMOL964]
Interne #1 : Démarrage contract
2022-09-07 14:57:51 [2@IMMOL964]
Interne #1 : Démarrage olaticket
2022-09-07 15:04:31 [2@IMMOL964]
Interne #1 : Démarrage mailgate
2022-09-07 15:10:13 [2@IMMOL964]
Interne #1 : Démarrage slaticket
2022-09-07 15:17:56 [2@IMMOL964]
Interne #1 : Démarrage planningrecall
2022-09-07 15:24:26 [2@IMMOL964]
Interne #1 : Démarrage reservation
2022-09-07 15:30:21 [2@IMMOL964]
Interne #1 : Démarrage temp
2022-09-07 15:35:35 [2@IMMOL964]
Interne #1 : Démarrage RecurrentItems
2022-09-07 15:43:01 [2@IMMOL964]
Interne #1 : Démarrage graph
2022-09-07 15:50:43 [2@IMMOL964]
Interne #1 : Démarrage queuednotification
2022-09-07 16:20:16 [2@IMMOL964]
Interne #1 : Démarrage olaticket
2022-09-07 18:39:29 [2@IMMOL964]
Interne #1 : Démarrage mailgate
2022-09-07 19:15:35 [2@IMMOL964]
Interne #1 : Démarrage slaticket
2022-09-07 19:28:03 [2@IMMOL964]
Interne #1 : Démarrage certificate
2022-09-07 19:47:39 [2@IMMOL964]
Interne #1 : Démarrage planningrecall
2022-09-07 19:53:06 [2@IMMOL964]
Interne #1 : Démarrage queuednotification
2022-09-07 20:01:05 [2@IMMOL964]
Interne #1 : Démarrage reservation
2022-09-07 20:07:53 [2@IMMOL964]
Interne #1 : Démarrage olaticket
2022-09-07 20:14:16 [2@IMMOL964]
Interne #1 : Démarrage temp
2022-09-07 20:19:51 [2@IMMOL964]
Interne #1 : Démarrage RecurrentItems
2022-09-08 09:24:04 [2@IMMOL964]
Interne #1 : Démarrage graph
2022-09-08 09:30:22 [2@IMMOL964]
Interne #1 : Démarrage mailgate
2022-09-08 09:40:54 [2@IMMOL964]
Interne #1 : Démarrage slaticket
2022-09-08 09:45:59 [2@IMMOL964]
Interne #1 : Démarrage planningrecall
2022-09-08 09:51:16 [2@IMMOL964]
Interne #1 : Démarrage queuednotification
2022-09-08 09:57:05 [2@IMMOL964]
Interne #1 : Démarrage olaticket
2022-09-08 10:02:08 [2@IMMOL964]
Interne #1 : Démarrage reservation
2022-09-08 10:07:22 [2@IMMOL964]
Interne #1 : Démarrage temp
2022-09-08 10:13:39 [2@IMMOL964]
Interne #1 : Démarrage RecurrentItems
2022-09-08 10:19:23 [2@IMMOL964]
Interne #1 : Démarrage closeticket
2022-09-08 10:24:56 [2@IMMOL964]
Interne #1 : Démarrage alertnotclosed
2022-09-08 10:30:16 [2@IMMOL964]
Interne #1 : Démarrage mailgate
2022-09-08 10:35:45 [2@IMMOL964]
Interne #1 : Démarrage slaticket
2022-09-08 10:45:48 [2@IMMOL964]
Interne #1 : Démarrage planningrecall
2022-09-08 10:51:11 [2@IMMOL964]
Interne #1 : Démarrage queuednotification
2022-09-08 10:56:52 [2@IMMOL964]
Interne #1 : Démarrage olaticket
2022-09-08 11:35:32 [2@IMMOL964]
Interne #1 : Démarrage graph
2022-09-08 11:40:37 [2@IMMOL964]
Interne #1 : Démarrage mailgate
2022-09-08 11:47:29 [2@IMMOL964]
Interne #1 : Démarrage slaticket
2022-09-08 11:52:38 [2@IMMOL964]
Interne #1 : Démarrage infocom
2022-09-08 11:57:49 [2@IMMOL964]
Interne #1 : Démarrage planningrecall
2022-09-08 12:54:46 [2@IMMOL964]
Interne #1 : Démarrage queuednotification
2022-09-08 12:59:55 [2@IMMOL964]
Interne #1 : Démarrage olaticket
2022-09-08 13:06:13 [2@IMMOL964]
Interne #1 : Démarrage reservation
2022-09-08 14:23:44 [2@IMMOL964]
Interne #1 : Démarrage session
2022-09-08 15:41:07 [2@IMMOL964]
Interne #1 : Démarrage temp
2022-09-08 15:52:41 [2@IMMOL964]
Interne #1 : Démarrage createinquest
2022-09-08 16:00:07 [2@IMMOL964]
Interne #1 : Démarrage RecurrentItems
2022-09-08 16:10:01 [2@IMMOL964]
Interne #1 : Démarrage watcher
2022-09-08 16:20:12 [2@IMMOL964]
Interne #1 : Démarrage mailgate
2022-09-08 16:41:28 [2@IMMOL964]
Interne #1 : Démarrage slaticket
2022-09-08 16:58:08 [2@IMMOL964]
Interne #1 : Démarrage planningrecall
2022-09-08 17:04:21 [2@IMMOL964]
Interne #1 : Démarrage queuednotificationclean
2022-09-08 17:11:27 [2@IMMOL964]
Interne #1 : Démarrage graph
2022-09-08 17:19:39 [2@IMMOL964]
Interne #1 : Démarrage queuednotification
2022-09-08 17:55:06 [2@IMMOL964]
Interne #1 : Démarrage olaticket
2022-09-08 18:01:34 [2@IMMOL964]
Interne #1 : Démarrage reservation
2022-09-08 18:06:52 [2@IMMOL964]
Interne #1 : Démarrage mailgateerror
2022-09-08 18:12:05 [2@IMMOL964]
Interne #1 : Démarrage contract
2022-09-08 18:17:21 [2@IMMOL964]
Interne #1 : Démarrage mailgate
2022-09-08 18:23:56 [2@IMMOL964]
Interne #1 : Démarrage temp
2022-09-09 09:52:02 [7@IMMOL964]
Interne #1 : Démarrage slaticket
2022-09-09 10:29:33 [2@IMMOL964]
Interne #1 : Démarrage RecurrentItems
2022-09-09 10:35:13 [2@IMMOL964]
Interne #1 : Démarrage planningrecall
2022-09-09 11:14:14 [2@IMMOL964]
Interne #1 : Démarrage queuednotification
2022-09-09 11:36:13 [2@IMMOL964]
Interne #1 : Démarrage olaticket
2022-09-09 11:44:16 [2@IMMOL964]
Interne #1 : Démarrage graph
2022-09-09 11:59:29 [2@IMMOL964]
Interne #1 : Démarrage mailgate
2022-09-09 12:08:57 [2@IMMOL964]
Interne #1 : Démarrage reservation
2022-09-09 12:35:15 [2@IMMOL964]
Interne #1 : Démarrage temp
2022-09-09 12:40:55 [2@IMMOL964]
Interne #1 : Démarrage certificate
2022-09-09 12:50:49 [2@IMMOL964]
Interne #1 : Démarrage closeticket
2022-09-09 12:56:07 [2@IMMOL964]
Interne #1 : Démarrage alertnotclosed
2022-09-09 14:11:30 [2@IMMOL964]
Interne #1 : Démarrage slaticket
2022-09-09 14:17:07 [2@IMMOL964]
Interne #1 : Démarrage planningrecall
2022-09-09 14:22:12 [2@IMMOL964]
Interne #1 : Démarrage queuednotification
2022-09-09 14:28:21 [2@IMMOL964]
Interne #1 : Démarrage RecurrentItems
2022-09-09 14:34:25 [2@IMMOL964]
Interne #1 : Démarrage olaticket
2022-09-09 14:39:36 [2@IMMOL964]
Interne #1 : Démarrage infocom
2022-09-09 14:44:50 [2@IMMOL964]
Interne #1 : Démarrage mailgate
2022-09-09 14:51:43 [2@IMMOL964]
Interne #1 : Démarrage graph
2022-09-09 14:57:51 [2@IMMOL964]
Interne #1 : Démarrage reservation
2022-09-09 15:03:10 [2@IMMOL964]
Interne #1 : Démarrage temp
2022-09-09 15:08:33 [2@IMMOL964]
Interne #1 : Démarrage slaticket
2022-09-09 15:18:51 [2@IMMOL964]
Interne #1 : Démarrage planningrecall
2022-09-09 15:24:11 [2@IMMOL964]
Interne #1 : Démarrage session
2022-09-09 15:41:57 [2@IMMOL964]
Interne #1 : Démarrage queuednotification
2022-09-09 15:55:57 [2@IMMOL964]
Interne #1 : Démarrage olaticket
2022-09-09 16:02:14 [2@IMMOL964]
Interne #1 : Démarrage mailgate
2022-09-09 16:21:41 [2@IMMOL964]
Interne #1 : Démarrage slaticket
2022-09-12 10:45:54 [2@IMMOL964]
Interne #1 : Démarrage planningrecall
2022-09-12 15:13:03 [2@IMMOL964]
Interne #1 : Démarrage RecurrentItems
2022-09-12 15:20:09 [2@IMMOL964]
Interne #1 : Démarrage queuednotification
2022-09-12 15:35:03 [2@IMMOL964]
Interne #1 : Démarrage graph
2022-09-12 15:42:12 [2@IMMOL964]
Interne #1 : Démarrage createinquest
2022-09-12 15:48:23 [2@IMMOL964]
Interne #1 : Démarrage reservation
2022-09-12 15:53:32 [2@IMMOL964]
Interne #1 : Démarrage olaticket
2022-09-12 16:04:56 [2@IMMOL964]
Interne #1 : Démarrage temp
2022-09-12 16:10:01 [2@IMMOL964]
Interne #1 : Démarrage watcher
2022-09-13 10:58:41 [@IMMOL964]
Interne #1 : Démarrage mailgate
2022-09-13 11:10:10 [2@IMMOL964]
Interne #1 : Démarrage slaticket
2022-09-13 12:38:54 [2@IMMOL964]
Interne #1 : Démarrage queuednotificationclean
2022-09-13 12:49:08 [2@IMMOL964]
Interne #1 : Démarrage mailgateerror
2022-09-13 12:58:12 [2@IMMOL964]
Interne #1 : Démarrage contract
2022-09-13 13:03:19 [2@IMMOL964]
Interne #1 : Démarrage closeticket
2022-09-13 13:15:45 [2@IMMOL964]
Interne #1 : Démarrage alertnotclosed
2022-09-13 13:22:26 [2@IMMOL964]
Interne #1 : Démarrage certificate
2022-09-13 14:42:23 [2@IMMOL964]
Interne #1 : Démarrage infocom
2022-09-13 14:59:49 [2@IMMOL964]
Interne #1 : Démarrage session
2022-09-13 15:07:19 [2@IMMOL964]
Interne #1 : Démarrage planningrecall
2022-09-13 15:18:14 [2@IMMOL964]
Interne #1 : Démarrage queuednotification
2022-09-13 15:24:09 [2@IMMOL964]
Interne #1 : Démarrage olaticket
2022-09-13 15:30:23 [2@IMMOL964]
Interne #1 : Démarrage RecurrentItems
2022-09-13 15:42:02 [2@IMMOL964]
Interne #1 : Démarrage graph
2022-09-13 15:49:58 [2@IMMOL964]
Interne #1 : Démarrage reservation
2022-09-13 15:56:04 [2@IMMOL964]
Interne #1 : Démarrage temp
2022-09-13 16:01:12 [2@IMMOL964]
Interne #1 : Démarrage mailgate
2022-09-13 16:06:51 [2@IMMOL964]
Interne #1 : Démarrage slaticket
2022-09-13 16:11:57 [2@IMMOL964]
Interne #1 : Démarrage planningrecall
2022-09-13 16:17:33 [2@IMMOL964]
Interne #1 : Démarrage queuednotification
2022-09-13 16:22:34 [2@IMMOL964]
Interne #1 : Démarrage olaticket
2022-09-13 16:42:59 [2@IMMOL964]
Interne #1 : Démarrage createinquest
2022-09-13 16:49:02 [2@IMMOL964]
Interne #1 : Démarrage watcher
2022-09-13 16:58:50 [2@IMMOL964]
Interne #1 : Démarrage mailgate
2022-09-14 13:10:23 [2@IMMOL964]
Interne #1 : Démarrage slaticket
2022-09-14 15:38:42 [2@IMMOL964]
Interne #1 : Démarrage planningrecall
2022-09-14 15:44:37 [2@IMMOL964]
Interne #1 : Démarrage queuednotification
2022-09-14 15:54:30 [2@IMMOL964]
Interne #1 : Démarrage olaticket
2022-09-14 15:59:40 [2@IMMOL964]
Interne #1 : Démarrage RecurrentItems
2022-09-14 16:06:01 [2@IMMOL964]
Interne #1 : Démarrage graph
2022-09-14 16:11:41 [2@IMMOL964]
Interne #1 : Démarrage reservation
2022-09-14 16:36:11 [2@IMMOL964]
Interne #1 : Démarrage temp
2022-09-14 16:45:50 [2@IMMOL964]
Interne #1 : Démarrage mailgate
2022-09-14 16:50:57 [2@IMMOL964]
Interne #1 : Démarrage closeticket
2022-09-14 16:56:03 [2@IMMOL964]
Interne #1 : Démarrage alertnotclosed
2022-09-15 09:52:53 [2@IMMOL964]
Interne #1 : Démarrage queuednotificationclean
2022-09-15 09:57:58 [2@IMMOL964]
Interne #1 : Démarrage mailgateerror
2022-09-15 10:27:17 [2@IMMOL964]
Interne #1 : Démarrage contract
2022-09-15 15:23:53 [2@IMMOL964]
Interne #1 : Démarrage slaticket
2022-09-15 15:29:21 [2@IMMOL964]
Interne #1 : Démarrage certificate
2022-09-15 15:53:16 [2@IMMOL964]
Interne #1 : Démarrage infocom
2022-09-16 13:42:39 [2@IMMOL964]
Interne #1 : Démarrage session
2022-09-16 13:56:45 [2@IMMOL964]
Interne #1 : Démarrage planningrecall
2022-09-16 14:01:48 [2@IMMOL964]
Interne #1 : Démarrage queuednotification
2022-09-16 14:07:51 [2@IMMOL964]
Interne #1 : Démarrage olaticket
2022-09-16 14:14:57 [2@IMMOL964]
Interne #1 : Démarrage createinquest
2022-09-16 14:31:42 [2@IMMOL964]
Interne #1 : Démarrage watcher
2022-09-16 14:45:45 [2@IMMOL964]
Interne #1 : Démarrage mailgate
2022-09-16 14:50:59 [2@IMMOL964]
Interne #1 : Démarrage RecurrentItems
2022-09-16 14:56:24 [2@IMMOL964]
Interne #1 : Démarrage graph
2022-09-16 15:02:23 [2@IMMOL964]
Interne #1 : Démarrage reservation
2022-09-16 15:11:27 [2@IMMOL964]
Interne #1 : Démarrage temp
2022-09-16 15:17:00 [2@IMMOL964]
Interne #1 : Démarrage closeticket
2022-09-16 15:23:29 [2@IMMOL964]
Interne #1 : Démarrage alertnotclosed
2022-09-16 15:55:17 [2@IMMOL964]
Interne #1 : Démarrage slaticket
2022-09-16 16:10:59 [@IMMOL964]
Interne #1 : Démarrage queuednotificationclean
2022-09-16 16:28:27 [2@IMMOL964]
Interne #1 : Démarrage mailgateerror
2022-09-16 16:30:21 [2@IMMOL964]
Interne #1 : Démarrage contract
2022-09-19 10:56:48 [@IMMOL964]
Interne #1 : Démarrage planningrecall
2022-09-19 11:02:29 [2@IMMOL964]
Interne #1 : Démarrage queuednotification
2022-09-19 11:07:36 [2@IMMOL964]
Interne #1 : Démarrage olaticket
2022-09-19 11:15:42 [2@IMMOL964]
Interne #1 : Démarrage mailgate
2022-09-19 11:24:19 [2@IMMOL964]
Interne #1 : Démarrage certificate
2022-09-19 11:31:33 [2@IMMOL964]
Interne #1 : Démarrage RecurrentItems
2022-09-19 11:37:29 [2@IMMOL964]
Interne #1 : Démarrage infocom
2022-09-19 11:42:33 [2@IMMOL964]
Interne #1 : Démarrage graph
2022-09-19 11:51:00 [2@IMMOL964]
Interne #1 : Démarrage slaticket
2022-09-19 12:09:43 [2@IMMOL964]
Interne #1 : Démarrage reservation
2022-09-19 12:15:03 [2@IMMOL964]
Interne #1 : Démarrage temp
2022-09-19 12:20:04 [2@IMMOL964]
Interne #1 : Démarrage closeticket
2022-09-19 12:25:07 [2@IMMOL964]
Interne #1 : Démarrage alertnotclosed
2022-09-19 12:32:55 [2@IMMOL964]
Interne #1 : Démarrage session
2022-09-19 12:42:08 [2@IMMOL964]
Interne #1 : Démarrage createinquest
2022-09-19 12:47:22 [2@IMMOL964]
Interne #1 : Démarrage watcher
2022-09-19 12:52:23 [2@IMMOL964]
Interne #1 : Démarrage queuednotificationclean
2022-09-19 12:58:00 [2@IMMOL964]
Interne #1 : Démarrage mailgateerror
2022-09-19 13:20:10 [2@IMMOL964]
Interne #1 : Démarrage contract
2022-09-19 13:28:40 [2@IMMOL964]
Interne #1 : Démarrage planningrecall
2022-09-19 13:36:45 [2@IMMOL964]
Interne #1 : Démarrage queuednotification
2022-09-19 13:41:52 [2@IMMOL964]
Interne #1 : Démarrage olaticket
2022-09-19 13:48:24 [2@IMMOL964]
Interne #1 : Démarrage mailgate
2022-09-19 13:53:56 [2@IMMOL964]
Interne #1 : Démarrage slaticket
2022-09-19 14:01:21 [2@IMMOL964]
Interne #1 : Démarrage RecurrentItems
2022-09-19 14:07:35 [2@IMMOL964]
Interne #1 : Démarrage graph
2022-09-19 14:17:53 [2@IMMOL964]
Interne #1 : Démarrage reservation
2022-09-19 14:27:23 [2@IMMOL964]
Interne #1 : Démarrage temp
2022-09-19 14:46:49 [2@IMMOL964]
Interne #1 : Démarrage planningrecall
2022-09-19 14:51:55 [2@IMMOL964]
Interne #1 : Démarrage queuednotification
2022-09-19 15:07:41 [2@IMMOL964]
Interne #1 : Démarrage olaticket
2022-09-19 16:04:33 [2@IMMOL964]
Interne #1 : Démarrage mailgate
