2022-08-09 16:34:52 [@IMMOL964]
[login] 3: Connexion échouée de glpi_user depuis l'IP ::1
2022-08-09 16:34:58 [@IMMOL964]
[login] 3: Connexion échouée de glpi depuis l'IP ::1
2022-08-09 16:35:09 [@IMMOL964]
[login] 3: glpi se connecte depuis l'IP ::1
2022-08-09 16:40:50 [@IMMOL964]
[login] 3: utilisateur se connecte depuis l'IP ::1
2022-08-10 12:45:41 [@IMMOL964]
[login] 3: utilisateur se connecte depuis l'IP ::1
2022-08-10 16:07:53 [@IMMOL964]
[login] 3: utilisateur se connecte depuis l'IP ::1
2022-08-11 09:06:54 [@IMMOL964]
[login] 3: glpi se connecte depuis l'IP ::1
2022-08-11 09:18:12 [@IMMOL964]
[login] 3: utilisateur se connecte depuis l'IP ::1
2022-08-12 15:09:45 [@IMMOL964]
[login] 3: glpi se connecte depuis l'IP ::1
2022-08-12 15:43:49 [@IMMOL964]
[login] 3: glpi se connecte depuis l'IP ::1
2022-08-12 15:43:50 [@IMMOL964]
[login] 3: glpi se connecte depuis l'IP ::1
2022-08-15 15:49:45 [@IMMOL964]
[login] 3: glpi se connecte depuis l'IP ::1
2022-08-16 10:02:30 [@IMMOL964]
[login] 3: utilisateur se connecte depuis l'IP ::1
2022-08-17 10:18:05 [@IMMOL964]
[login] 3: glpi se connecte depuis l'IP ::1
2022-08-17 10:19:21 [@IMMOL964]
[login] 3: Connexion échouée de utilisateur depuis l'IP ::1
2022-08-17 10:19:36 [@IMMOL964]
[login] 3: Connexion échouée de utilisateur depuis l'IP ::1
2022-08-17 10:19:51 [@IMMOL964]
[login] 3: Connexion échouée de utilisateur depuis l'IP ::1
2022-08-17 10:20:01 [@IMMOL964]
[login] 3: Connexion échouée de utilisateur depuis l'IP ::1
2022-08-18 10:39:35 [@IMMOL964]
[login] 3: glpi se connecte depuis l'IP ::1
2022-08-18 11:07:51 [@IMMOL964]
[login] 3: Connexion échouée de utilisateur depuis l'IP ::1
2022-08-18 11:19:49 [@IMMOL964]
[login] 3: Connexion échouée de utilisateur depuis l'IP ::1
2022-08-18 11:21:21 [@IMMOL964]
[login] 3: Connexion échouée de  depuis l'IP ::1
2022-08-18 11:21:33 [@IMMOL964]
[login] 3: toto se connecte depuis l'IP ::1
2022-08-19 10:58:49 [@IMMOL964]
[login] 3: glpi se connecte depuis l'IP ::1
2022-08-19 15:03:24 [@IMMOL964]
[login] 3: toto se connecte depuis l'IP ::1
2022-08-22 15:36:14 [@IMMOL964]
[login] 3: Connexion échouée de utilisateur depuis l'IP ::1
2022-08-22 15:43:37 [@IMMOL964]
[login] 3: utilisateur se connecte depuis l'IP ::1
2022-08-23 09:34:54 [@IMMOL964]
[login] 3: glpi se connecte depuis l'IP ::1
2022-08-23 10:52:12 [@IMMOL964]
[login] 3: utilisateur se connecte depuis l'IP ::1
2022-08-24 15:03:52 [@IMMOL964]
[login] 3: utilisateur se connecte depuis l'IP ::1
2022-08-24 15:03:55 [7@IMMOL964]
[login] 3: utilisateur se connecte depuis l'IP ::1
2022-08-26 10:48:21 [@IMMOL964]
[login] 3: utilisateur se connecte depuis l'IP ::1
2022-08-29 14:59:24 [@IMMOL964]
[login] 3: utilisateur se connecte depuis l'IP ::1
2022-08-29 14:59:45 [@IMMOL964]
[login] 3: Connexion échouée de  depuis l'IP ::1
2022-08-29 14:59:57 [@IMMOL964]
[login] 3: glpi se connecte depuis l'IP ::1
2022-08-29 15:00:12 [2@IMMOL964]
[login] 3: utilisateur se connecte depuis l'IP ::1
2022-08-29 15:02:52 [7@IMMOL964]
[login] 3: Connexion échouée de  depuis l'IP ::1
2022-08-29 15:03:02 [@IMMOL964]
[login] 3: glpi se connecte depuis l'IP ::1
2022-08-29 15:07:49 [@IMMOL964]
[login] 3: glpi se connecte depuis l'IP ::1
2022-08-29 15:10:00 [@IMMOL964]
[login] 3: glpi se connecte depuis l'IP ::1
2022-08-29 16:09:21 [@IMMOL964]
[login] 3: glpi se connecte depuis l'IP ::1
2022-08-29 16:29:47 [@IMMOL964]
[login] 3: glpi se connecte depuis l'IP ::1
2022-08-29 16:30:53 [@IMMOL964]
[login] 3: Connexion échouée de user depuis l'IP ::1
2022-08-29 16:31:04 [@IMMOL964]
[login] 3: utilisateur se connecte depuis l'IP ::1
2022-08-31 14:18:28 [@IMMOL964]
[login] 3: utilisateur se connecte depuis l'IP ::1
2022-09-01 12:54:21 [@IMMOL964]
[login] 3: utilisateur se connecte depuis l'IP ::1
2022-09-01 14:00:34 [@IMMOL964]
[login] 3: glpi se connecte depuis l'IP ::1
2022-09-02 10:00:49 [@IMMOL964]
[login] 3: glpi se connecte depuis l'IP ::1
2022-09-05 09:16:12 [@IMMOL964]
[login] 3: glpi se connecte depuis l'IP ::1
2022-09-06 10:03:31 [@IMMOL964]
[login] 3: Connexion échouée de glpi_user depuis l'IP ::1
2022-09-06 10:03:42 [@IMMOL964]
[login] 3: Connexion échouée de glpi_user depuis l'IP ::1
2022-09-06 10:04:28 [@IMMOL964]
[login] 3: utilisateur se connecte depuis l'IP ::1
2022-09-06 10:04:50 [@IMMOL964]
[login] 3: glpi se connecte depuis l'IP ::1
2022-09-06 13:59:10 [@IMMOL964]
[login] 3: glpi se connecte depuis l'IP ::1
2022-09-07 10:38:59 [@IMMOL964]
[login] 3: glpi se connecte depuis l'IP ::1
2022-09-07 11:41:23 [@IMMOL964]
[login] 3: glpi se connecte depuis l'IP ::1
2022-09-07 11:44:13 [@IMMOL964]
[login] 3: glpi se connecte depuis l'IP ::1
2022-09-07 12:06:44 [@IMMOL964]
[login] 3: glpi se connecte depuis l'IP ::1
2022-09-08 16:39:27 [@IMMOL964]
[login] 3: utilisateur se connecte depuis l'IP ::1
2022-09-09 09:49:16 [@IMMOL964]
[login] 3: glpi se connecte depuis l'IP ::1
2022-09-09 09:49:18 [@IMMOL964]
[login] 3: glpi se connecte depuis l'IP ::1
2022-09-09 15:20:48 [@IMMOL964]
[login] 3: utilisateur se connecte depuis l'IP ::1
2022-09-12 15:06:57 [@IMMOL964]
[login] 3: glpi se connecte depuis l'IP ::1
2022-09-13 10:58:44 [@IMMOL964]
[login] 3: glpi se connecte depuis l'IP ::1
2022-09-15 09:38:02 [@IMMOL964]
[login] 3: glpi se connecte depuis l'IP ::1
2022-09-16 16:11:08 [@IMMOL964]
[login] 3: glpi se connecte depuis l'IP ::1
2022-09-19 10:56:33 [@IMMOL964]
[login] 3: Connexion échouée de  depuis l'IP ::1
2022-09-19 10:56:50 [@IMMOL964]
[login] 3: glpi se connecte depuis l'IP ::1
